<?xml version="1.0" encoding="UTF-8"?>
<!-- Generated by org.testng.reporters.JUnitReportReporter -->
<testsuite hostname="INHNJLPT-978465" failures="0" tests="1" name="com.inetBanking.testcases.TC_EditCustomer_004" time="22.682" errors="0" timestamp="2024-04-01T15:58:16 IST" skipped="0">
  <testcase classname="com.inetBanking.testcases.TC_EditCustomer_004" name="editCustomer" time="22.682"/>
</testsuite> <!-- com.inetBanking.testcases.TC_EditCustomer_004 -->
