<?xml version="1.0" encoding="UTF-8"?>
<!-- Generated by org.testng.reporters.JUnitReportReporter -->
<testsuite hostname="INHNJLPT-978465" failures="0" tests="1" name="com.inetBanking.testcases.Tc_NewAccount_005" time="19.430" errors="0" timestamp="2024-04-01T15:58:16 IST" skipped="0">
  <testcase classname="com.inetBanking.testcases.Tc_NewAccount_005" name="addNewCustomer" time="19.430"/>
</testsuite> <!-- com.inetBanking.testcases.Tc_NewAccount_005 -->
