<?xml version="1.0" encoding="UTF-8"?>
<!-- Generated by org.testng.reporters.JUnitReportReporter -->
<testsuite hostname="INHNJLPT-978465" failures="0" tests="1" name="com.inetBanking.testcases.TC_LoginTest_001" time="4.573" errors="0" timestamp="2024-04-01T15:58:16 IST" skipped="0">
  <testcase classname="com.inetBanking.testcases.TC_LoginTest_001" name="loginTest" time="4.573"/>
</testsuite> <!-- com.inetBanking.testcases.TC_LoginTest_001 -->
